<?xml version="1.0" encoding="UTF-8"?>
<!-- Generated by org.testng.reporters.JUnitReportReporter -->
<testsuite skipped="0" hostname="LAPTOP-61JURE49" name="com.MyTest.LoginTest" tests="2" failures="0" timestamp="2021-01-11T00:47:07 IST" time="33.870" errors="0">
  <testcase name="loginTitle" time="20.760" classname="com.MyTest.LoginTest"/>
  <system-out/>
  <testcase name="loginTitle" time="13.110" classname="com.MyTest.LoginTest"/>
  <system-out/>
</testsuite> <!-- com.MyTest.LoginTest -->
